<?xml version="1.0" encoding="UTF-8" ?>
<testsuite tests="1" failures="0" name="com.finastra.ffdc.dataset.component.ffdcComponentTest" time="0.411" errors="1" skipped="0">
  <properties>
    <property name="java.runtime.name" value="Java(TM) SE Runtime Environment"/>
    <property name="java.vm.version" value="11.0.8+10-LTS"/>
    <property name="sun.boot.library.path" value="C:\Progra~1\Java\jdk-11.0.8\bin"/>
    <property name="maven.multiModuleProjectDirectory" value="C:\DevelopmentCode\apache-camel-ffdc-component\ffdc-data-set-ingestion"/>
    <property name="java.vm.vendor" value="Oracle Corporation"/>
    <property name="java.vendor.url" value="https://openjdk.java.net/"/>
    <property name="guice.disable.misplaced.annotation.check" value="true"/>
    <property name="path.separator" value=";"/>
    <property name="java.vm.name" value="Java HotSpot(TM) 64-Bit Server VM"/>
    <property name="sun.os.patch.level" value=""/>
    <property name="user.script" value=""/>
    <property name="user.country" value="US"/>
    <property name="sun.java.launcher" value="SUN_STANDARD"/>
    <property name="java.vm.specification.name" value="Java Virtual Machine Specification"/>
    <property name="user.dir" value="C:\DevelopmentCode\apache-camel-ffdc-component\ffdc-data-set-ingestion"/>
    <property name="java.vm.compressedOopsMode" value="Zero based"/>
    <property name="java.runtime.version" value="11.0.8+10-LTS"/>
    <property name="java.awt.graphicsenv" value="sun.awt.Win32GraphicsEnvironment"/>
    <property name="os.arch" value="amd64"/>
    <property name="java.io.tmpdir" value="C:\Users\ab5645\AppData\Local\Temp\1\"/>
    <property name="line.separator" value="
"/>
    <property name="java.vm.specification.vendor" value="Oracle Corporation"/>
    <property name="user.variant" value=""/>
    <property name="os.name" value="Windows 10"/>
    <property name="classworlds.conf" value="C:\Program Files\Maven\apache-maven-3.6.3\bin\..\bin\m2.conf"/>
    <property name="sun.jnu.encoding" value="Cp1252"/>
    <property name="java.library.path" value="C:\Progra~1\Java\jdk-11.0.8\bin;C:\windows\Sun\Java\bin;C:\windows\system32;C:\windows;C:\Program Files\PowerShell\7-preview;C:\Progra~1\Java\jdk-11.0.8\bin;C:\Program Files\Common Files\Oracle\Java\javapath;C:\Program Files (x86)\Common Files\Oracle\Java\javapath;C:\Program Files\AdoptOpenJDK\jdk-11.0.8.10-hotspot\bin;C:\Program Files\Microsoft MPI\Bin\;C:\Program Files (x86)\Microsoft SDKs\Azure\CLI2\wbin;C:\ProgramData\Oracle\Java\javapath;C:\Program Files (x86)\RSA SecurID Token Common;C:\windows\system32;C:\windows;C:\windows\System32\Wbem;C:\windows\System32\WindowsPowerShell\v1.0\;C:\windows\System32\OpenSSH\;C:\Program Files (x86)\Microsoft SQL Server\130\DTS\Binn\;C:\Program Files\Microsoft SQL Server\130\DTS\Binn\;C:\Program Files\Microsoft SQL Server\Client SDK\ODBC\130\Tools\Binn\;C:\Program Files\Microsoft SQL Server\130\Tools\Binn\;C:\Users\Administrator\.dnx\bin;C:\Program Files\Microsoft DNX\Dnvm\;C:\Program Files\Microsoft SQL Server\120\Tools\Binn\;C:\Program Files (x86)\Microsoft SQL Server\Client SDK\ODBC\130\Tools\Binn\;C:\Program Files (x86)\Microsoft SQL Server\140\Tools\Binn\;C:\Program Files (x86)\Microsoft SQL Server\140\DTS\Binn\;C:\Program Files (x86)\Microsoft SQL Server\140\Tools\Binn\ManagementStudio\;C:\Program Files (x86)\Intel\Intel(R) Management Engine Components\DAL;C:\Program Files\Intel\Intel(R) Management Engine Components\DAL;C:\Program Files\Intel\WiFi\bin\;C:\Program Files\Common Files\Intel\WirelessCommon\;C:\Program Files (x86)\NVIDIA Corporation\PhysX\Common;C:\Program Files\nodejs\;C:\Program Files\dotnet\;C:\Program Files\Microsoft SQL Server\Client SDK\ODBC\170\Tools\Binn\;C:\Program Files (x86)\Microsoft SQL Server\150\DTS\Binn\;C:\Program Files (x86)\Microsoft SQL Server\150\Tools\Binn\;C:\Program Files\Microsoft SQL Server\150\Tools\Binn\;C:\Program Files\Microsoft SQL Server\150\DTS\Binn\;C:\Users\ab5645\AppData\Local\Programs\Python\Python38-32;C:\Users\ab5645\AppData\Local\Programs\Python\Python38-32\Scripts;C:\Program Files\Maven\apache-maven-3.6.3\bin;C:\ProgramData\chocolatey\bin;C:\Program Files\Docker\Docker\resources\bin;C:\ProgramData\DockerDesktop\version-bin;C:\Program Files\Git\cmd;C:\Program Files\PowerShell\7-preview\preview;C:\Users\ab5645\AppData\Local\Microsoft\WindowsApps;C:\Users\ab5645\AppData\Roaming\npm;C:\Users\ab5645\AppData\Local\Programs\Microsoft VS Code\bin;C:\Program Files\JetBrains\IntelliJ IDEA 2019.2.3\bin;C:\Users\ab5645\.dotnet\tools;C:\Users\ab5645\AppData\Local\Programs\Azure Data Studio\bin;C:\Users\ab5645\AppData\Local\Programs\Fiddler;C:\Program Files (x86)\mitmproxy\bin;."/>
    <property name="maven.conf" value="C:\Program Files\Maven\apache-maven-3.6.3\bin\../conf"/>
    <property name="jdk.debug" value="release"/>
    <property name="java.class.version" value="55.0"/>
    <property name="java.specification.name" value="Java Platform API Specification"/>
    <property name="sun.management.compiler" value="HotSpot 64-Bit Tiered Compilers"/>
    <property name="os.version" value="10.0"/>
    <property name="library.jansi.path" value="C:\Program Files\Maven\apache-maven-3.6.3\bin\..\lib\jansi-native"/>
    <property name="user.home" value="C:\Users\ab5645"/>
    <property name="user.timezone" value="America/New_York"/>
    <property name="java.awt.printerjob" value="sun.awt.windows.WPrinterJob"/>
    <property name="file.encoding" value="Cp1252"/>
    <property name="java.specification.version" value="11"/>
    <property name="user.name" value="ab5645"/>
    <property name="java.class.path" value="C:\Program Files\Maven\apache-maven-3.6.3\bin\..\boot\plexus-classworlds-2.6.0.jar"/>
    <property name="java.vm.specification.version" value="11"/>
    <property name="sun.arch.data.model" value="64"/>
    <property name="sun.java.command" value="org.codehaus.plexus.classworlds.launcher.Launcher package"/>
    <property name="java.home" value="C:\Progra~1\Java\jdk-11.0.8"/>
    <property name="user.language" value="en"/>
    <property name="java.specification.vendor" value="Oracle Corporation"/>
    <property name="awt.toolkit" value="sun.awt.windows.WToolkit"/>
    <property name="java.vm.info" value="mixed mode"/>
    <property name="java.version" value="11.0.8"/>
    <property name="java.vendor" value="Oracle Corporation"/>
    <property name="sun.stderr.encoding" value="cp437"/>
    <property name="maven.home" value="C:\Program Files\Maven\apache-maven-3.6.3\bin\.."/>
    <property name="file.separator" value="\"/>
    <property name="java.version.date" value="2020-07-14"/>
    <property name="java.vendor.url.bug" value="https://bugreport.java.com/bugreport/"/>
    <property name="sun.io.unicode.encoding" value="UnicodeLittle"/>
    <property name="sun.cpu.endian" value="little"/>
    <property name="java.vendor.version" value="18.9"/>
    <property name="sun.stdout.encoding" value="cp437"/>
    <property name="sun.desktop" value="windows"/>
    <property name="sun.cpu.isalist" value="amd64"/>
  </properties>
  <testcase classname="com.finastra.ffdc.dataset.component.ffdcComponentTest" name="testffdc" time="0.411">
    <error message="Failed to create route route1 at: &gt;&gt;&gt; To[ffdc://bar?environment=lobdev&amp;id=1988806a-8113-4cba-ab81-22b5eada6d99&amp;secret=5a13861f-f1fd-441f-9683-72cee3f9b99e&amp;dataSetId=trades-v1-27a8371b-9317-43ed-82c0-39835cf1ec03] &lt;&lt;&lt; in route: Route(route1)[From[timer://foo?fixedRate=true&amp;period=1000&amp;re... because of Failed to resolve endpoint: ffdc://bar?dataSetId=trades-v1-27a8371b-9317-43ed-82c0-39835cf1ec03&amp;environment=lobdev&amp;id=1988806a-8113-4cba-ab81-22b5eada6d99&amp;secret=5a13861f-f1fd-441f-9683-72cee3f9b99e due to: Failed to resolve endpoint: ffdc://bar?dataSetId=trades-v1-27a8371b-9317-43ed-82c0-39835cf1ec03&amp;environment=lobdev&amp;id=1988806a-8113-4cba-ab81-22b5eada6d99&amp;secret=5a13861f-f1fd-441f-9683-72cee3f9b99e due to: There are 1 parameters that couldn&apos;t be set on the endpoint. Check the uri if the parameters are spelt correctly and that they are properties of the endpoint. Unknown parameters=[{dataSetId=trades-v1-27a8371b-9317-43ed-82c0-39835cf1ec03}]" type="org.apache.camel.FailedToCreateRouteException">org.apache.camel.FailedToCreateRouteException: Failed to create route route1 at: &gt;&gt;&gt; To[ffdc://bar?environment=lobdev&amp;id=1988806a-8113-4cba-ab81-22b5eada6d99&amp;secret=5a13861f-f1fd-441f-9683-72cee3f9b99e&amp;dataSetId=trades-v1-27a8371b-9317-43ed-82c0-39835cf1ec03] &lt;&lt;&lt; in route: Route(route1)[From[timer://foo?fixedRate=true&amp;period=1000&amp;re... because of Failed to resolve endpoint: ffdc://bar?dataSetId=trades-v1-27a8371b-9317-43ed-82c0-39835cf1ec03&amp;environment=lobdev&amp;id=1988806a-8113-4cba-ab81-22b5eada6d99&amp;secret=5a13861f-f1fd-441f-9683-72cee3f9b99e due to: Failed to resolve endpoint: ffdc://bar?dataSetId=trades-v1-27a8371b-9317-43ed-82c0-39835cf1ec03&amp;environment=lobdev&amp;id=1988806a-8113-4cba-ab81-22b5eada6d99&amp;secret=5a13861f-f1fd-441f-9683-72cee3f9b99e due to: There are 1 parameters that couldn&apos;t be set on the endpoint. Check the uri if the parameters are spelt correctly and that they are properties of the endpoint. Unknown parameters=[{dataSetId=trades-v1-27a8371b-9317-43ed-82c0-39835cf1ec03}]
	at org.apache.camel.reifier.RouteReifier.doCreateRoute(RouteReifier.java:385)
	at org.apache.camel.reifier.RouteReifier.createRoute(RouteReifier.java:112)
	at org.apache.camel.impl.DefaultCamelContext.startRouteDefinitions(DefaultCamelContext.java:426)
	at org.apache.camel.impl.DefaultCamelContext.startRouteDefinitions(DefaultCamelContext.java:388)
	at org.apache.camel.impl.engine.AbstractCamelContext.doInit(AbstractCamelContext.java:2680)
	at org.apache.camel.support.service.BaseService.init(BaseService.java:83)
	at org.apache.camel.impl.engine.AbstractCamelContext.init(AbstractCamelContext.java:2452)
	at org.apache.camel.support.service.BaseService.start(BaseService.java:111)
	at org.apache.camel.impl.engine.AbstractCamelContext.start(AbstractCamelContext.java:2469)
	at org.apache.camel.test.junit4.CamelTestSupport.startCamelContext(CamelTestSupport.java:829)
	at org.apache.camel.test.junit4.CamelTestSupport.doSetUp(CamelTestSupport.java:459)
	at org.apache.camel.test.junit4.CamelTestSupport.setUp(CamelTestSupport.java:332)
	at java.base/jdk.internal.reflect.NativeMethodAccessorImpl.invoke0(Native Method)
	at java.base/jdk.internal.reflect.NativeMethodAccessorImpl.invoke(NativeMethodAccessorImpl.java:62)
	at java.base/jdk.internal.reflect.DelegatingMethodAccessorImpl.invoke(DelegatingMethodAccessorImpl.java:43)
	at java.base/java.lang.reflect.Method.invoke(Method.java:566)
	at org.junit.runners.model.FrameworkMethod$1.runReflectiveCall(FrameworkMethod.java:50)
	at org.junit.internal.runners.model.ReflectiveCallable.run(ReflectiveCallable.java:12)
	at org.junit.runners.model.FrameworkMethod.invokeExplosively(FrameworkMethod.java:47)
	at org.junit.internal.runners.statements.RunBefores.evaluate(RunBefores.java:24)
	at org.junit.internal.runners.statements.RunAfters.evaluate(RunAfters.java:27)
	at org.junit.rules.TestWatcher$1.evaluate(TestWatcher.java:55)
	at org.junit.rules.TestWatcher$1.evaluate(TestWatcher.java:55)
	at org.junit.rules.RunRules.evaluate(RunRules.java:20)
	at org.junit.runners.ParentRunner.runLeaf(ParentRunner.java:325)
	at org.junit.runners.BlockJUnit4ClassRunner.runChild(BlockJUnit4ClassRunner.java:78)
	at org.junit.runners.BlockJUnit4ClassRunner.runChild(BlockJUnit4ClassRunner.java:57)
	at org.junit.runners.ParentRunner$3.run(ParentRunner.java:290)
	at org.junit.runners.ParentRunner$1.schedule(ParentRunner.java:71)
	at org.junit.runners.ParentRunner.runChildren(ParentRunner.java:288)
	at org.junit.runners.ParentRunner.access$000(ParentRunner.java:58)
	at org.junit.runners.ParentRunner$2.evaluate(ParentRunner.java:268)
	at org.junit.rules.ExternalResource$1.evaluate(ExternalResource.java:48)
	at org.junit.rules.RunRules.evaluate(RunRules.java:20)
	at org.junit.runners.ParentRunner.run(ParentRunner.java:363)
	at org.apache.maven.surefire.junit4.JUnit4Provider.execute(JUnit4Provider.java:252)
	at org.apache.maven.surefire.junit4.JUnit4Provider.executeTestSet(JUnit4Provider.java:141)
	at org.apache.maven.surefire.junit4.JUnit4Provider.invoke(JUnit4Provider.java:112)
	at java.base/jdk.internal.reflect.NativeMethodAccessorImpl.invoke0(Native Method)
	at java.base/jdk.internal.reflect.NativeMethodAccessorImpl.invoke(NativeMethodAccessorImpl.java:62)
	at java.base/jdk.internal.reflect.DelegatingMethodAccessorImpl.invoke(DelegatingMethodAccessorImpl.java:43)
	at java.base/java.lang.reflect.Method.invoke(Method.java:566)
	at org.apache.maven.surefire.util.ReflectionUtils.invokeMethodWithArray(ReflectionUtils.java:189)
	at org.apache.maven.surefire.booter.ProviderFactory$ProviderProxy.invoke(ProviderFactory.java:165)
	at org.apache.maven.surefire.booter.ProviderFactory.invokeProvider(ProviderFactory.java:85)
	at org.apache.maven.surefire.booter.ForkedBooter.runSuitesInProcess(ForkedBooter.java:115)
	at org.apache.maven.surefire.booter.ForkedBooter.main(ForkedBooter.java:75)
Caused by: org.apache.camel.ResolveEndpointFailedException: Failed to resolve endpoint: ffdc://bar?dataSetId=trades-v1-27a8371b-9317-43ed-82c0-39835cf1ec03&amp;environment=lobdev&amp;id=1988806a-8113-4cba-ab81-22b5eada6d99&amp;secret=5a13861f-f1fd-441f-9683-72cee3f9b99e due to: Failed to resolve endpoint: ffdc://bar?dataSetId=trades-v1-27a8371b-9317-43ed-82c0-39835cf1ec03&amp;environment=lobdev&amp;id=1988806a-8113-4cba-ab81-22b5eada6d99&amp;secret=5a13861f-f1fd-441f-9683-72cee3f9b99e due to: There are 1 parameters that couldn&apos;t be set on the endpoint. Check the uri if the parameters are spelt correctly and that they are properties of the endpoint. Unknown parameters=[{dataSetId=trades-v1-27a8371b-9317-43ed-82c0-39835cf1ec03}]
	at org.apache.camel.impl.engine.AbstractCamelContext.doGetEndpoint(AbstractCamelContext.java:888)
	at org.apache.camel.impl.engine.AbstractCamelContext.getEndpoint(AbstractCamelContext.java:777)
	at org.apache.camel.support.CamelContextHelper.resolveEndpoint(CamelContextHelper.java:123)
	at org.apache.camel.reifier.SendReifier.resolveEndpoint(SendReifier.java:43)
	at org.apache.camel.reifier.SendReifier.createProcessor(SendReifier.java:36)
	at org.apache.camel.reifier.ProcessorReifier.makeProcessor(ProcessorReifier.java:752)
	at org.apache.camel.reifier.ProcessorReifier.addRoutes(ProcessorReifier.java:495)
	at org.apache.camel.reifier.RouteReifier.doCreateRoute(RouteReifier.java:383)
	... 46 more
Caused by: org.apache.camel.ResolveEndpointFailedException: Failed to resolve endpoint: ffdc://bar?dataSetId=trades-v1-27a8371b-9317-43ed-82c0-39835cf1ec03&amp;environment=lobdev&amp;id=1988806a-8113-4cba-ab81-22b5eada6d99&amp;secret=5a13861f-f1fd-441f-9683-72cee3f9b99e due to: There are 1 parameters that couldn&apos;t be set on the endpoint. Check the uri if the parameters are spelt correctly and that they are properties of the endpoint. Unknown parameters=[{dataSetId=trades-v1-27a8371b-9317-43ed-82c0-39835cf1ec03}]
	at org.apache.camel.support.DefaultComponent.validateParameters(DefaultComponent.java:365)
	at org.apache.camel.support.DefaultComponent.createEndpoint(DefaultComponent.java:261)
	at org.apache.camel.impl.engine.AbstractCamelContext.doGetEndpoint(AbstractCamelContext.java:855)
	... 53 more
</error>
    <system-out>[                          main] CamelTestSupport               INFO  ********************************************************************************
[                          main] CamelTestSupport               INFO  Testing: testffdc(com.finastra.ffdc.dataset.component.ffdcComponentTest)
[                          main] CamelTestSupport               INFO  ********************************************************************************
[                          main] LRUCacheFactory                INFO  Detected and using LRUCacheFactory: camel-caffeine-lrucache
[                          main] ffdcComponent                  INFO  uri: ffdc://bar?dataSetId=trades-v1-27a8371b-9317-43ed-82c0-39835cf1ec03&amp;environment=lobdev&amp;id=1988806a-8113-4cba-ab81-22b5eada6d99&amp;secret=5a13861f-f1fd-441f-9683-72cee3f9b99e
[                          main] ffdcComponent                  INFO  remaining: bar
[                          main] ffdcComponent                  INFO  parameters: {dataSetId=trades-v1-27a8371b-9317-43ed-82c0-39835cf1ec03, environment=lobdev, id=1988806a-8113-4cba-ab81-22b5eada6d99, secret=5a13861f-f1fd-441f-9683-72cee3f9b99e}
[                          main] CamelTestSupport               INFO  ********************************************************************************
[                          main] CamelTestSupport               INFO  Testing done: testffdc(com.finastra.ffdc.dataset.component.ffdcComponentTest)
[                          main] CamelTestSupport               INFO  Took: 0.397 seconds (397 millis)
[                          main] CamelTestSupport               INFO  ********************************************************************************
</system-out>
  </testcase>
</testsuite>